[2023-02-27 21:39:35:10777][http-nio-8080-exec-1] ERROR c.z.w.e.GlobalExceptionHandler - Required request parameter 'date' for method parameter type LocalDate is not present
[2023-02-27 21:40:26:61988][http-nio-8080-exec-6] ERROR c.z.w.e.GlobalExceptionHandler - Required request parameter 'date' for method parameter type LocalDate is not present
[2023-02-27 21:42:32:188231][http-nio-8080-exec-7] ERROR c.z.w.e.GlobalExceptionHandler - Required request parameter 'date' for method parameter type LocalDate is not present
[2023-02-27 21:42:43:6239][http-nio-8080-exec-1] ERROR c.z.w.e.GlobalExceptionHandler - Required request parameter 'date' for method parameter type LocalDate is not present
[2023-02-27 21:42:45:8902][http-nio-8080-exec-3] ERROR c.z.w.e.GlobalExceptionHandler - Required request parameter 'date' for method parameter type LocalDate is not present
[2023-02-27 21:43:24:47360][http-nio-8080-exec-6] ERROR c.z.w.e.GlobalExceptionHandler - Required request parameter 'date' for method parameter type LocalDate is not present
[2023-02-27 21:49:17:26304][http-nio-8080-exec-1] ERROR c.z.w.e.GlobalExceptionHandler - Request method 'GET' not supported
[2023-02-27 21:51:26:154522][http-nio-8080-exec-5] ERROR c.z.w.e.GlobalExceptionHandler - Request method 'GET' not supported
[2023-02-27 21:54:32:340607][http-nio-8080-exec-6] ERROR c.z.w.e.GlobalExceptionHandler - Request method 'GET' not supported
[2023-02-27 21:54:53:7456][http-nio-8080-exec-1] ERROR c.z.w.e.GlobalExceptionHandler - Request method 'GET' not supported
[2023-02-27 21:55:33:48004][http-nio-8080-exec-6] ERROR c.z.w.e.GlobalExceptionHandler - typeMismatch : Failed to convert value of type 'java.lang.String' to required type 'java.time.LocalDate'; nested exception is org.springframework.core.convert.ConversionFailedException: Failed to convert from type [java.lang.String] to type [@org.springframework.web.bind.annotation.RequestParam @io.swagger.annotations.ApiParam java.time.LocalDate] for value '2022-02-02'; nested exception is java.lang.IllegalArgumentException: Parse attempt failed for value [2022-02-02]
[2023-02-27 21:55:41:56167][http-nio-8080-exec-7] ERROR c.z.w.e.GlobalExceptionHandler - typeMismatch : Failed to convert value of type 'java.lang.String' to required type 'java.time.LocalDate'; nested exception is org.springframework.core.convert.ConversionFailedException: Failed to convert from type [java.lang.String] to type [@org.springframework.web.bind.annotation.RequestParam @io.swagger.annotations.ApiParam java.time.LocalDate] for value '2023-02-23'; nested exception is java.lang.IllegalArgumentException: Parse attempt failed for value [2023-02-23]
[2023-02-27 21:56:10:6809][http-nio-8080-exec-3] ERROR c.z.w.e.GlobalExceptionHandler - Required request body is missing: public com.zerobase.weather.dto.DiaryResponse com.zerobase.weather.controller.DiaryController.createDiary(java.time.LocalDate,java.lang.String)
[2023-02-27 21:57:05:7359][http-nio-8080-exec-5] ERROR c.z.w.e.GlobalExceptionHandler - Required request body is missing: public com.zerobase.weather.dto.DiaryResponse com.zerobase.weather.controller.DiaryController.createDiary(java.time.LocalDate,java.lang.String)
[2023-02-27 21:58:44:106731][http-nio-8080-exec-5] ERROR c.z.w.e.GlobalExceptionHandler - Required request body is missing: public com.zerobase.weather.dto.DiaryResponse com.zerobase.weather.controller.DiaryController.createDiary(java.time.LocalDate,java.lang.String)
[2023-02-27 21:59:03:125371][http-nio-8080-exec-6] ERROR c.z.w.e.GlobalExceptionHandler - Required request body is missing: public com.zerobase.weather.dto.DiaryResponse com.zerobase.weather.controller.DiaryController.createDiary(java.time.LocalDate,java.lang.String)
[2023-02-27 21:59:15:137361][http-nio-8080-exec-2] ERROR c.z.w.e.GlobalExceptionHandler - 날씨 정보가 존재하지 않습니다.
[2023-02-27 22:02:18:320911][http-nio-8080-exec-10] ERROR c.z.w.e.GlobalExceptionHandler - Required request body is missing: public com.zerobase.weather.dto.DiaryResponse com.zerobase.weather.controller.DiaryController.createDiary(java.time.LocalDate,java.lang.String)
[2023-02-27 22:03:13:375292][http-nio-8080-exec-7] ERROR c.z.w.e.GlobalExceptionHandler - Required request body is missing: public com.zerobase.weather.dto.DiaryResponse com.zerobase.weather.controller.DiaryController.createDiary(java.time.LocalDate,java.lang.String)
[2023-02-27 22:03:20:382580][http-nio-8080-exec-8] ERROR c.z.w.e.GlobalExceptionHandler - Required request body is missing: public com.zerobase.weather.dto.DiaryResponse com.zerobase.weather.controller.DiaryController.createDiary(java.time.LocalDate,java.lang.String)
[2023-02-27 22:03:23:385493][http-nio-8080-exec-1] ERROR c.z.w.e.GlobalExceptionHandler - Required request parameter 'date' for method parameter type LocalDate is not present
[2023-02-27 22:11:37:3849][Test worker] ERROR c.z.w.e.GlobalExceptionHandler - Request method 'GET' not supported
[2023-02-27 22:12:47:3839][Test worker] ERROR c.z.w.e.GlobalExceptionHandler - Request method 'GET' not supported
[2023-02-27 22:15:50:3751][Test worker] ERROR c.z.w.e.GlobalExceptionHandler - Request method 'GET' not supported
[2023-02-27 22:16:33:3707][Test worker] ERROR c.z.w.e.GlobalExceptionHandler - Request method 'GET' not supported
[2023-02-27 22:19:06:3518][Test worker] ERROR c.z.w.e.GlobalExceptionHandler - Request method 'GET' not supported
[2023-02-27 22:19:32:3781][Test worker] ERROR c.z.w.e.GlobalExceptionHandler - typeMismatch : Failed to convert value of type 'java.lang.String' to required type 'java.time.LocalDate'; nested exception is org.springframework.core.convert.ConversionFailedException: Failed to convert from type [java.lang.String] to type [@org.springframework.web.bind.annotation.RequestParam @io.swagger.annotations.ApiParam java.time.LocalDate] for value '2022-07-27'; nested exception is java.lang.IllegalArgumentException: Parse attempt failed for value [2022-07-27]
[2023-02-27 22:20:04:3597][Test worker] ERROR c.z.w.e.GlobalExceptionHandler - typeMismatch : Failed to convert value of type 'java.lang.String' to required type 'java.time.LocalDate'; nested exception is org.springframework.core.convert.ConversionFailedException: Failed to convert from type [java.lang.String] to type [@org.springframework.web.bind.annotation.RequestParam @io.swagger.annotations.ApiParam java.time.LocalDate] for value '2022-07-27'; nested exception is java.lang.IllegalArgumentException: Parse attempt failed for value [2022-07-27]
[2023-02-27 22:22:41:3689][Test worker] ERROR c.z.w.e.GlobalExceptionHandler - typeMismatch : Failed to convert value of type 'java.lang.String' to required type 'java.time.LocalDate'; nested exception is org.springframework.core.convert.ConversionFailedException: Failed to convert from type [java.lang.String] to type [@org.springframework.web.bind.annotation.RequestParam @io.swagger.annotations.ApiParam java.time.LocalDate] for value '2023-02-27'; nested exception is java.lang.IllegalArgumentException: Parse attempt failed for value [2023-02-27]
[2023-02-27 22:30:59:21791][http-nio-8080-exec-2] ERROR c.z.w.e.GlobalExceptionHandler - Required request body is missing: public com.zerobase.weather.dto.DiaryResponse com.zerobase.weather.controller.DiaryController.createDiary(java.time.LocalDate,java.lang.String)
[2023-02-27 22:31:37:59319][http-nio-8080-exec-7] ERROR c.z.w.e.GlobalExceptionHandler - Request method 'GET' not supported
[2023-02-27 22:32:13:95865][http-nio-8080-exec-1] ERROR c.z.w.e.GlobalExceptionHandler - Request method 'GET' not supported
[2023-02-27 22:32:52:134731][http-nio-8080-exec-2] ERROR c.z.w.e.GlobalExceptionHandler - Request method 'GET' not supported
[2023-02-27 22:32:57:139293][http-nio-8080-exec-5] ERROR c.z.w.e.GlobalExceptionHandler - Required request body is missing: public com.zerobase.weather.dto.DiaryResponse com.zerobase.weather.controller.DiaryController.createDiary(java.time.LocalDate,java.lang.String)
[2023-02-27 22:33:06:148922][http-nio-8080-exec-7] ERROR c.z.w.e.GlobalExceptionHandler - Required request body is missing: public com.zerobase.weather.dto.DiaryResponse com.zerobase.weather.controller.DiaryController.createDiary(java.time.LocalDate,java.lang.String)
[2023-02-27 22:33:22:164326][http-nio-8080-exec-9] ERROR c.z.w.e.GlobalExceptionHandler - Required request body is missing: public com.zerobase.weather.dto.DiaryResponse com.zerobase.weather.controller.DiaryController.createDiary(java.time.LocalDate,java.lang.String)
[2023-02-27 22:35:42:7423][http-nio-8080-exec-4] ERROR c.z.w.e.GlobalExceptionHandler - 날씨 정보가 존재하지 않습니다.
