[2023-02-28 16:31:26:1030][Test worker] INFO  c.z.weather.WeatherApplicationTests - Starting WeatherApplicationTests using Java 11.0.17 on namsunsig-ui-MacBookPro.local with PID 8788 (started by nss in /Users/nss/Documents/zb_Spring/weather)
[2023-02-28 16:31:26:1041][Test worker] INFO  c.z.weather.WeatherApplicationTests - No active profile set, falling back to 1 default profile: "default"
[2023-02-28 16:31:27:2441][Test worker] INFO  o.s.d.r.c.RepositoryConfigurationDelegate - Bootstrapping Spring Data JPA repositories in DEFAULT mode.
[2023-02-28 16:31:27:2505][Test worker] INFO  o.s.d.r.c.RepositoryConfigurationDelegate - Finished Spring Data repository scanning in 57 ms. Found 2 JPA repository interfaces.
[2023-02-28 16:31:28:3394][Test worker] INFO  o.h.jpa.internal.util.LogHelper - HHH000204: Processing PersistenceUnitInfo [name: default]
[2023-02-28 16:31:28:3444][Test worker] INFO  org.hibernate.Version - HHH000412: Hibernate ORM core version 5.6.15.Final
[2023-02-28 16:31:29:3608][Test worker] INFO  o.h.annotations.common.Version - HCANN000001: Hibernate Commons Annotations {5.1.2.Final}
[2023-02-28 16:31:29:3686][Test worker] INFO  com.zaxxer.hikari.HikariDataSource - HikariPool-1 - Starting...
[2023-02-28 16:31:29:3764][Test worker] INFO  com.zaxxer.hikari.HikariDataSource - HikariPool-1 - Start completed.
[2023-02-28 16:31:29:3793][Test worker] INFO  org.hibernate.dialect.Dialect - HHH000400: Using dialect: org.hibernate.dialect.MariaDB106Dialect
[2023-02-28 16:31:29:4360][Test worker] INFO  o.h.e.t.j.p.i.JtaPlatformInitiator - HHH000490: Using JtaPlatform implementation: [org.hibernate.engine.transaction.jta.platform.internal.NoJtaPlatform]
[2023-02-28 16:31:29:4370][Test worker] INFO  o.s.o.j.LocalContainerEntityManagerFactoryBean - Initialized JPA EntityManagerFactory for persistence unit 'default'
[2023-02-28 16:31:30:5454][Test worker] WARN  o.s.b.a.o.j.JpaBaseConfiguration$JpaWebConfiguration - spring.jpa.open-in-view is enabled by default. Therefore, database queries may be performed during view rendering. Explicitly configure spring.jpa.open-in-view to disable this warning
[2023-02-28 16:31:32:6897][Test worker] INFO  c.z.weather.WeatherApplicationTests - Started WeatherApplicationTests in 6.441 seconds (JVM running for 7.962)
[2023-02-28 16:31:32:7138][Test worker] INFO  o.s.b.t.a.w.s.WebMvcTestContextBootstrapper - Neither @ContextConfiguration nor @ContextHierarchy found for test class [com.zerobase.weather.controller.DiaryControllerTest], using SpringBootContextLoader
[2023-02-28 16:31:32:7143][Test worker] INFO  o.s.t.c.s.AbstractContextLoader - Could not detect default resource locations for test class [com.zerobase.weather.controller.DiaryControllerTest]: no resource found for suffixes {-context.xml, Context.groovy}.
[2023-02-28 16:31:32:7144][Test worker] INFO  o.s.t.c.s.AnnotationConfigContextLoaderUtils - Could not detect default configuration classes for test class [com.zerobase.weather.controller.DiaryControllerTest]: DiaryControllerTest does not declare any static, non-private, non-final, nested classes annotated with @Configuration.
[2023-02-28 16:31:32:7212][Test worker] INFO  o.s.b.t.c.SpringBootTestContextBootstrapper - Found @SpringBootConfiguration com.zerobase.weather.WeatherApplication for test class com.zerobase.weather.controller.DiaryControllerTest
[2023-02-28 16:31:32:7215][Test worker] INFO  o.s.b.t.a.w.s.WebMvcTestContextBootstrapper - Loaded default TestExecutionListener class names from location [META-INF/spring.factories]: [org.springframework.boot.test.autoconfigure.restdocs.RestDocsTestExecutionListener, org.springframework.boot.test.autoconfigure.web.client.MockRestServiceServerResetTestExecutionListener, org.springframework.boot.test.autoconfigure.web.servlet.MockMvcPrintOnlyOnFailureTestExecutionListener, org.springframework.boot.test.autoconfigure.web.servlet.WebDriverTestExecutionListener, org.springframework.boot.test.autoconfigure.webservices.client.MockWebServiceServerTestExecutionListener, org.springframework.boot.test.mock.mockito.MockitoTestExecutionListener, org.springframework.boot.test.mock.mockito.ResetMocksTestExecutionListener, org.springframework.test.context.web.ServletTestExecutionListener, org.springframework.test.context.support.DirtiesContextBeforeModesTestExecutionListener, org.springframework.test.context.event.ApplicationEventsTestExecutionListener, org.springframework.test.context.support.DependencyInjectionTestExecutionListener, org.springframework.test.context.support.DirtiesContextTestExecutionListener, org.springframework.test.context.transaction.TransactionalTestExecutionListener, org.springframework.test.context.jdbc.SqlScriptsTestExecutionListener, org.springframework.test.context.event.EventPublishingTestExecutionListener]
[2023-02-28 16:31:32:7216][Test worker] INFO  o.s.b.t.a.w.s.WebMvcTestContextBootstrapper - Using TestExecutionListeners: [org.springframework.test.context.web.ServletTestExecutionListener@564e0a6c, org.springframework.test.context.support.DirtiesContextBeforeModesTestExecutionListener@5eabcf77, org.springframework.test.context.event.ApplicationEventsTestExecutionListener@647468a7, org.springframework.boot.test.mock.mockito.MockitoTestExecutionListener@29f58b44, org.springframework.boot.test.autoconfigure.SpringBootDependencyInjectionTestExecutionListener@fcee97c, org.springframework.test.context.support.DirtiesContextTestExecutionListener@f1e5f85, org.springframework.test.context.transaction.TransactionalTestExecutionListener@48682f91, org.springframework.test.context.jdbc.SqlScriptsTestExecutionListener@4dc23273, org.springframework.test.context.event.EventPublishingTestExecutionListener@35bfa7be, org.springframework.boot.test.autoconfigure.restdocs.RestDocsTestExecutionListener@482034fb, org.springframework.boot.test.autoconfigure.web.client.MockRestServiceServerResetTestExecutionListener@41bd8ec9, org.springframework.boot.test.autoconfigure.web.servlet.MockMvcPrintOnlyOnFailureTestExecutionListener@1d306d27, org.springframework.boot.test.autoconfigure.web.servlet.WebDriverTestExecutionListener@557abb68, org.springframework.boot.test.autoconfigure.webservices.client.MockWebServiceServerTestExecutionListener@1cb4cad0, org.springframework.boot.test.mock.mockito.ResetMocksTestExecutionListener@3152d449]
[2023-02-28 16:31:32:7322][Test worker] INFO  c.z.w.c.DiaryControllerTest - Starting DiaryControllerTest using Java 11.0.17 on namsunsig-ui-MacBookPro.local with PID 8788 (started by nss in /Users/nss/Documents/zb_Spring/weather)
[2023-02-28 16:31:32:7323][Test worker] INFO  c.z.w.c.DiaryControllerTest - No active profile set, falling back to 1 default profile: "default"
[2023-02-28 16:31:33:8153][Test worker] INFO  o.s.b.t.m.w.SpringBootMockServletContext - Initializing Spring TestDispatcherServlet ''
[2023-02-28 16:31:33:8154][Test worker] INFO  o.s.t.w.s.TestDispatcherServlet - Initializing Servlet ''
[2023-02-28 16:31:33:8155][Test worker] INFO  o.s.t.w.s.TestDispatcherServlet - Completed initialization in 1 ms
[2023-02-28 16:31:33:8176][Test worker] INFO  c.z.w.c.DiaryControllerTest - Started DiaryControllerTest in 0.952 seconds (JVM running for 9.241)
[2023-02-28 16:31:34:8735][SpringApplicationShutdownHook] INFO  o.s.o.j.LocalContainerEntityManagerFactoryBean - Closing JPA EntityManagerFactory for persistence unit 'default'
[2023-02-28 16:31:34:8741][SpringApplicationShutdownHook] INFO  com.zaxxer.hikari.HikariDataSource - HikariPool-1 - Shutdown initiated...
[2023-02-28 16:31:34:8749][SpringApplicationShutdownHook] INFO  com.zaxxer.hikari.HikariDataSource - HikariPool-1 - Shutdown completed.
